# JRE version: OpenJDK Runtime Environment JBR-21.0.7+9-895.130-jcef (21.0.7+9) (build 21.0.7+9-b895.130)
# Java VM: OpenJDK 64-Bit Server VM JBR-21.0.7+9-895.130-jcef (21.0.7+9-b895.130, mixed mode, sharing, tiered, compressed oops, compressed class ptrs, g1 gc, windows-amd64)
GC Precious Log:
 CardTable entry size: 512
 Card Set container configuration: InlinePtr #cards 5 size 8 Array Of Cards #cards 12 size 40 Howl #buckets 4 coarsen threshold 1843 Howl Bitmap #cards 512 size 80 coarsen threshold 460 Card regions per heap region 1 cards per card region 2048
 CPUs: 4 total, 4 available
 Memory: 4005M
 Large Page Support: Disabled
 NUMA Support: Disabled
 Compressed Oops: Enabled (32-bit)
 Heap Region Size: 1M
 Heap Min Capacity: 128M
 Heap Initial Capacity: 128M
 Heap Max Capacity: 2G
 Pre-touch: Disabled
 Parallel Workers: 4
 Concurrent Workers: 1
 Concurrent Refinement Workers: 4
 Periodic GC: Disabled
Heap:
 garbage-first heap   total 131072K, used 37276K [0x0000000080000000, 0x0000000100000000)
  region size 1024K, 29 young (29696K), 4 survivors (4096K)
 Metaspace       used 18778K, committed 19200K, reserved 1114112K
  class space    used 2096K, committed 2304K, reserved 1048576K
GC Heap History (6 events):
Event: 3.762 GC heap before
{Heap before GC invocations=0 (full 0):
 garbage-first heap   total 131072K, used 17408K [0x0000000080000000, 0x0000000100000000)
  region size 1024K, 13 young (13312K), 0 survivors (0K)
 Metaspace       used 4115K, committed 4288K, reserved 1114112K
  class space    used 523K, committed 576K, reserved 1048576K
}
Event: 3.784 GC heap after
{Heap after GC invocations=1 (full 0):
 garbage-first heap   total 131072K, used 8170K [0x0000000080000000, 0x0000000100000000)
  region size 1024K, 2 young (2048K), 2 survivors (2048K)
 Metaspace       used 4115K, committed 4288K, reserved 1114112K
  class space    used 523K, committed 576K, reserved 1048576K
}
Event: 6.784 GC heap before
{Heap before GC invocations=1 (full 0):
 garbage-first heap   total 131072K, used 19434K [0x0000000080000000, 0x0000000100000000)
  region size 1024K, 14 young (14336K), 2 survivors (2048K)
 Metaspace       used 9700K, committed 10048K, reserved 1114112K
  class space    used 1175K, committed 1344K, reserved 1048576K
}
Event: 6.792 GC heap after
{Heap after GC invocations=2 (full 0):
 garbage-first heap   total 131072K, used 10010K [0x0000000080000000, 0x0000000100000000)
  region size 1024K, 2 young (2048K), 2 survivors (2048K)
 Metaspace       used 9700K, committed 10048K, reserved 1114112K
  class space    used 1175K, committed 1344K, reserved 1048576K
}
Event: 40.041 GC heap before
{Heap before GC invocations=2 (full 0):
 garbage-first heap   total 131072K, used 34586K [0x0000000080000000, 0x0000000100000000)
  region size 1024K, 26 young (26624K), 2 survivors (2048K)
 Metaspace       used 18125K, committed 18624K, reserved 1114112K
  class space    used 2069K, committed 2304K, reserved 1048576K
}
Event: 40.093 GC heap after
{Heap after GC invocations=3 (full 0):
 garbage-first heap   total 131072K, used 12700K [0x0000000080000000, 0x0000000100000000)
  region size 1024K, 4 young (4096K), 4 survivors (4096K)
 Metaspace       used 18125K, committed 18624K, reserved 1114112K
  class space    used 2069K, committed 2304K, reserved 1048576K
}

